<?xml version="1.0" encoding="UTF-8"?>
<TestRun id="1c710f6f-4d29-4c6e-bec1-447bdb4270ec" name="stevpet@RDSJ741TY1 2014-04-18 12:15:09" runUser="BHI-MASTER\stevpet" xmlns="http://microsoft.com/schemas/VisualStudio/TeamTest/2010">
  <Times creation="2014-04-18T12:15:09.9529800+02:00" queuing="2014-04-18T12:15:09.9569803+02:00" start="2014-04-18T12:15:09.9599804+02:00" finish="2014-04-18T12:15:10.0219840+02:00" />
  <TestSettings name="default" id="c799c489-9eef-4a0f-9736-f7a1986a682c">
    <Execution>
      <TestTypeSpecific />
    </Execution>
    <Deployment runDeploymentRoot="stevpet_RDSJ741TY1 2014-04-18 12_15_09" />
  </TestSettings>
  <Results>
    <UnitTestResult executionId="95064d36-7a1e-4df1-9604-17d3c86516fc" testId="10323948-e873-e2d4-d50d-0a4ad910727a" testName="Mileage_SunnyDay_ShouldMatch" computerName="RDSJ741TY1" duration="00:00:00.0081797" startTime="2014-04-18T12:15:09.7789701+02:00" endTime="2014-04-18T12:15:09.8179723+02:00" testType="13cdc9d9-ddb5-4fa4-a97d-d965ccfc6d4b" outcome="Passed" testListId="8c84fa94-04c1-424b-9868-57a2d4851a1d" relativeResultsDirectory="95064d36-7a1e-4df1-9604-17d3c86516fc" />
    <UnitTestResult executionId="4a480743-9ad0-42c2-9e86-d8880457d1e6" testId="e48df12f-5350-4ba9-33cb-27b4b32925d7" testName="Mileage_SunnyDay_ShouldFail" computerName="RDSJ741TY1" duration="00:00:00.0054885" startTime="2014-04-18T12:15:09.8239727+02:00" endTime="2014-04-18T12:15:09.8299730+02:00" testType="13cdc9d9-ddb5-4fa4-a97d-d965ccfc6d4b" outcome="Failed" testListId="8c84fa94-04c1-424b-9868-57a2d4851a1d" relativeResultsDirectory="4a480743-9ad0-42c2-9e86-d8880457d1e6">
      <Output>
        <ErrorInfo>
          <Message>Assert.AreEqual failed. Expected:&lt;2&gt;. Actual:&lt;3.33333333333333&gt;. 0.000001</Message>
          <StackTrace>   at UnitTestProject.UnitTest1.Mileage_SunnyDay_ShouldFail() in c:\Users\stevpet\Documents\GitHub\Mileage\UnitTestProject\UnitTest1.cs:line 23
</StackTrace>
        </ErrorInfo>
      </Output>
    </UnitTestResult>
    <UnitTestResult executionId="893e34b7-c6ce-4bac-9920-a7c136f21c9e" testId="84f11199-69f5-3c36-a2fa-87a7ee4d57aa" testName="Mileage_SunnyDay_ShouldInconclusive" computerName="RDSJ741TY1" duration="00:00:00.0001440" startTime="2014-04-18T12:15:09.8299730+02:00" endTime="2014-04-18T12:15:09.8309731+02:00" testType="13cdc9d9-ddb5-4fa4-a97d-d965ccfc6d4b" outcome="Passed" testListId="8c84fa94-04c1-424b-9868-57a2d4851a1d" relativeResultsDirectory="893e34b7-c6ce-4bac-9920-a7c136f21c9e" />
    <UnitTestResult executionId="dde87462-3bf7-4349-b509-12df2e995f7e" testId="35380de7-14da-cc5b-70bd-36c66df0bbaa" testName="Mileage_DivideZero_UncaughtException" computerName="RDSJ741TY1" duration="00:00:00.0001201" startTime="2014-04-18T12:15:09.8309731+02:00" endTime="2014-04-18T12:15:09.8309731+02:00" testType="13cdc9d9-ddb5-4fa4-a97d-d965ccfc6d4b" outcome="Passed" testListId="8c84fa94-04c1-424b-9868-57a2d4851a1d" relativeResultsDirectory="dde87462-3bf7-4349-b509-12df2e995f7e" />
  </Results>
  <TestDefinitions>
    <UnitTest name="Mileage_SunnyDay_ShouldMatch" storage="c:\users\stevpet\documents\github\mileage\unittestproject\bin\debug\unittestproject.dll" id="10323948-e873-e2d4-d50d-0a4ad910727a">
      <Execution id="95064d36-7a1e-4df1-9604-17d3c86516fc" />
      <TestMethod codeBase="C:\Users\stevpet\Documents\GitHub\Mileage\UnitTestProject\bin\Debug\UnitTestProject.dll" adapterTypeName="Microsoft.VisualStudio.TestTools.TestTypes.Unit.UnitTestAdapter" className="UnitTestProject.UnitTest1" name="Mileage_SunnyDay_ShouldMatch" />
    </UnitTest>
    <UnitTest name="Mileage_SunnyDay_ShouldFail" storage="c:\users\stevpet\documents\github\mileage\unittestproject\bin\debug\unittestproject.dll" id="e48df12f-5350-4ba9-33cb-27b4b32925d7">
      <Execution id="4a480743-9ad0-42c2-9e86-d8880457d1e6" />
      <TestMethod codeBase="C:\Users\stevpet\Documents\GitHub\Mileage\UnitTestProject\bin\Debug\UnitTestProject.dll" adapterTypeName="Microsoft.VisualStudio.TestTools.TestTypes.Unit.UnitTestAdapter" className="UnitTestProject.UnitTest1" name="Mileage_SunnyDay_ShouldFail" />
    </UnitTest>
    <UnitTest name="Mileage_SunnyDay_ShouldInconclusive" storage="c:\users\stevpet\documents\github\mileage\unittestproject\bin\debug\unittestproject.dll" id="84f11199-69f5-3c36-a2fa-87a7ee4d57aa">
      <Execution id="893e34b7-c6ce-4bac-9920-a7c136f21c9e" />
      <TestMethod codeBase="C:\Users\stevpet\Documents\GitHub\Mileage\UnitTestProject\bin\Debug\UnitTestProject.dll" adapterTypeName="Microsoft.VisualStudio.TestTools.TestTypes.Unit.UnitTestAdapter" className="UnitTestProject.UnitTest1" name="Mileage_SunnyDay_ShouldInconclusive" />
    </UnitTest>
    <UnitTest name="Mileage_DivideZero_UncaughtException" storage="c:\users\stevpet\documents\github\mileage\unittestproject\bin\debug\unittestproject.dll" id="35380de7-14da-cc5b-70bd-36c66df0bbaa">
      <Execution id="dde87462-3bf7-4349-b509-12df2e995f7e" />
      <TestMethod codeBase="C:\Users\stevpet\Documents\GitHub\Mileage\UnitTestProject\bin\Debug\UnitTestProject.dll" adapterTypeName="Microsoft.VisualStudio.TestTools.TestTypes.Unit.UnitTestAdapter" className="UnitTestProject.UnitTest1" name="Mileage_DivideZero_UncaughtException" />
    </UnitTest>
  </TestDefinitions>
  <TestEntries>
    <TestEntry testId="10323948-e873-e2d4-d50d-0a4ad910727a" executionId="95064d36-7a1e-4df1-9604-17d3c86516fc" testListId="8c84fa94-04c1-424b-9868-57a2d4851a1d" />
    <TestEntry testId="e48df12f-5350-4ba9-33cb-27b4b32925d7" executionId="4a480743-9ad0-42c2-9e86-d8880457d1e6" testListId="8c84fa94-04c1-424b-9868-57a2d4851a1d" />
    <TestEntry testId="84f11199-69f5-3c36-a2fa-87a7ee4d57aa" executionId="893e34b7-c6ce-4bac-9920-a7c136f21c9e" testListId="8c84fa94-04c1-424b-9868-57a2d4851a1d" />
    <TestEntry testId="35380de7-14da-cc5b-70bd-36c66df0bbaa" executionId="dde87462-3bf7-4349-b509-12df2e995f7e" testListId="8c84fa94-04c1-424b-9868-57a2d4851a1d" />
  </TestEntries>
  <TestLists>
    <TestList name="Results Not in a List" id="8c84fa94-04c1-424b-9868-57a2d4851a1d" />
    <TestList name="All Loaded Results" id="19431567-8539-422a-85d7-44ee4e166bda" />
  </TestLists>
  <ResultSummary outcome="Failed">
    <Counters total="4" executed="4" passed="3" failed="1" error="0" timeout="0" aborted="0" inconclusive="0" passedButRunAborted="0" notRunnable="0" notExecuted="0" disconnected="0" warning="0" completed="0" inProgress="0" pending="0" />
    <CollectorDataEntries>
      <Collector agentName="RDSJ741TY1" uri="datacollector://microsoft/CodeCoverage/2.0" collectorDisplayName="Code Coverage">
        <UriAttachments>
          <UriAttachment>
            <A href="RDSJ741TY1\stevpet_RDSJ741TY1 2014-04-18 12_15_08.coverage">
            </A>
          </UriAttachment>
        </UriAttachments>
      </Collector>
    </CollectorDataEntries>
  </ResultSummary>
</TestRun>